0 verbose cli /usr/local/bin/node /usr/local/bin/npm
1 info using npm@11.9.0
2 info using node@v24.14.0
3 silly config load:file:/usr/local/lib/node_modules/npm/npmrc
4 silly config load:file:/Users/sulo/Downloads/solen/.npmrc
5 silly config load:file:/Users/sulo/.npmrc
6 silly config load:file:/usr/local/etc/npmrc
7 verbose title npm install
8 verbose argv "install" "--cache" ".npm-local-cache"
9 verbose logfile logs-max:10 dir:/Users/sulo/Downloads/solen/.npm-local-cache/_logs/2026-03-11T20_50_41_320Z-
10 verbose logfile /Users/sulo/Downloads/solen/.npm-local-cache/_logs/2026-03-11T20_50_41_320Z-debug-0.log
11 silly logfile done cleaning log files
12 silly packumentCache heap:4496293888 maxSize:1124073472 maxEntrySize:562036736
13 verbose shrinkwrap failed to load /Users/sulo/Downloads/solen EPERM: operation not permitted, open '/Users/sulo/Downloads/solen/node_modules/.package-lock.json'
14 verbose shrinkwrap failed to load /Users/sulo/Downloads/solen EPERM: operation not permitted, open '/Users/sulo/Downloads/solen/node_modules/.package-lock.json'
15 silly idealTree buildDeps
16 silly fetch manifest @supabase/supabase-js@latest
17 silly packumentCache full:https://registry.npmjs.org/@supabase%2fsupabase-js cache-miss
18 http fetch GET 200 https://registry.npmjs.org/npm 351ms
19 http fetch GET 200 https://registry.npmjs.org/@supabase%2fsupabase-js 369ms (cache miss)
20 silly packumentCache full:https://registry.npmjs.org/@supabase%2fsupabase-js set size:undefined disposed:false
21 silly fetch manifest sharp@^0.34.5
22 silly packumentCache full:https://registry.npmjs.org/sharp cache-miss
23 http fetch GET 200 https://registry.npmjs.org/sharp 276ms (cache miss)
24 silly packumentCache full:https://registry.npmjs.org/sharp set size:undefined disposed:false
25 silly fetch manifest vite@latest
26 silly packumentCache full:https://registry.npmjs.org/vite cache-miss
27 http fetch GET 200 https://registry.npmjs.org/vite 979ms (cache miss)
28 silly packumentCache full:https://registry.npmjs.org/vite set size:undefined disposed:false
29 silly fetch manifest @types/node@^20.19.0 || >=22.12.0
30 silly packumentCache full:https://registry.npmjs.org/@types%2fnode cache-miss
31 http fetch GET 200 https://registry.npmjs.org/@types%2fnode 384ms (cache miss)
32 silly packumentCache full:https://registry.npmjs.org/@types%2fnode set size:undefined disposed:false
33 silly fetch manifest jiti@>=1.21.0
34 silly packumentCache full:https://registry.npmjs.org/jiti cache-miss
35 http fetch GET 200 https://registry.npmjs.org/jiti 77ms (cache miss)
36 silly packumentCache full:https://registry.npmjs.org/jiti set size:undefined disposed:false
37 silly fetch manifest less@^4.0.0
38 silly packumentCache full:https://registry.npmjs.org/less cache-miss
39 http fetch GET 200 https://registry.npmjs.org/less 108ms (cache miss)
40 silly packumentCache full:https://registry.npmjs.org/less set size:undefined disposed:false
41 silly fetch manifest lightningcss@^1.21.0
42 silly packumentCache full:https://registry.npmjs.org/lightningcss cache-miss
43 http fetch GET 200 https://registry.npmjs.org/lightningcss 296ms (cache miss)
44 silly packumentCache full:https://registry.npmjs.org/lightningcss set size:undefined disposed:false
45 silly fetch manifest sass@^1.70.0
46 silly packumentCache full:https://registry.npmjs.org/sass cache-miss
47 http fetch GET 200 https://registry.npmjs.org/sass 105ms (cache miss)
48 silly packumentCache full:https://registry.npmjs.org/sass set size:undefined disposed:false
49 silly fetch manifest sass-embedded@^1.70.0
50 silly packumentCache full:https://registry.npmjs.org/sass-embedded cache-miss
51 http fetch GET 200 https://registry.npmjs.org/sass-embedded 90ms (cache miss)
52 silly packumentCache full:https://registry.npmjs.org/sass-embedded set size:undefined disposed:false
53 silly fetch manifest stylus@>=0.54.8
54 silly packumentCache full:https://registry.npmjs.org/stylus cache-miss
55 http fetch GET 200 https://registry.npmjs.org/stylus 69ms (cache miss)
56 silly packumentCache full:https://registry.npmjs.org/stylus set size:undefined disposed:false
57 silly fetch manifest sugarss@^5.0.0
58 silly packumentCache full:https://registry.npmjs.org/sugarss cache-miss
59 http fetch GET 200 https://registry.npmjs.org/sugarss 145ms (cache miss)
60 silly packumentCache full:https://registry.npmjs.org/sugarss set size:undefined disposed:false
61 silly fetch manifest postcss@^8.3.3
62 silly packumentCache full:https://registry.npmjs.org/postcss cache-miss
63 http fetch GET 200 https://registry.npmjs.org/postcss 100ms (cache miss)
64 silly packumentCache full:https://registry.npmjs.org/postcss set size:undefined disposed:false
65 silly fetch manifest terser@^5.16.0
66 silly packumentCache full:https://registry.npmjs.org/terser cache-miss
67 http fetch GET 200 https://registry.npmjs.org/terser 219ms (cache miss)
68 silly packumentCache full:https://registry.npmjs.org/terser set size:undefined disposed:false
69 silly fetch manifest tsx@^4.8.1
70 silly packumentCache full:https://registry.npmjs.org/tsx cache-miss
71 http fetch GET 200 https://registry.npmjs.org/tsx 76ms (cache miss)
72 silly packumentCache full:https://registry.npmjs.org/tsx set size:undefined disposed:false
73 silly fetch manifest yaml@^2.4.2
74 silly packumentCache full:https://registry.npmjs.org/yaml cache-miss
75 http fetch GET 200 https://registry.npmjs.org/yaml 93ms (cache miss)
76 silly packumentCache full:https://registry.npmjs.org/yaml set size:undefined disposed:false
77 silly placeDep ROOT @supabase/supabase-js@2.99.1 OK for: solen@0.1.0 want: latest
78 silly placeDep ROOT sharp@0.34.5 OK for: solen@0.1.0 want: ^0.34.5
79 silly placeDep ROOT vite@7.3.1 OK for: solen@0.1.0 want: latest
80 silly fetch manifest @supabase/auth-js@2.99.1
81 silly packumentCache full:https://registry.npmjs.org/@supabase%2fauth-js cache-miss
82 silly fetch manifest @supabase/functions-js@2.99.1
83 silly packumentCache full:https://registry.npmjs.org/@supabase%2ffunctions-js cache-miss
84 silly fetch manifest @supabase/postgrest-js@2.99.1
85 silly packumentCache full:https://registry.npmjs.org/@supabase%2fpostgrest-js cache-miss
86 silly fetch manifest @supabase/realtime-js@2.99.1
87 silly packumentCache full:https://registry.npmjs.org/@supabase%2frealtime-js cache-miss
88 silly fetch manifest @supabase/storage-js@2.99.1
89 silly packumentCache full:https://registry.npmjs.org/@supabase%2fstorage-js cache-miss
90 silly fetch manifest semver@^7.7.3
91 silly packumentCache full:https://registry.npmjs.org/semver cache-miss
92 silly fetch manifest @img/colour@^1.0.0
93 silly packumentCache full:https://registry.npmjs.org/@img%2fcolour cache-miss
94 silly fetch manifest detect-libc@^2.1.2
95 silly packumentCache full:https://registry.npmjs.org/detect-libc cache-miss
96 silly fetch manifest @img/sharp-wasm32@0.34.5
97 silly packumentCache full:https://registry.npmjs.org/@img%2fsharp-wasm32 cache-miss
98 http fetch GET 200 https://registry.npmjs.org/@supabase%2fauth-js 108ms (cache miss)
99 silly packumentCache full:https://registry.npmjs.org/@supabase%2fauth-js set size:undefined disposed:false
100 silly fetch manifest @img/sharp-linux-arm@0.34.5
101 silly packumentCache full:https://registry.npmjs.org/@img%2fsharp-linux-arm cache-miss
102 http fetch GET 200 https://registry.npmjs.org/@supabase%2ffunctions-js 115ms (cache miss)
103 silly packumentCache full:https://registry.npmjs.org/@supabase%2ffunctions-js set size:undefined disposed:false
104 silly fetch manifest @img/sharp-linux-x64@0.34.5
105 silly packumentCache full:https://registry.npmjs.org/@img%2fsharp-linux-x64 cache-miss
106 http fetch GET 200 https://registry.npmjs.org/@img%2fsharp-linux-arm 83ms (cache miss)
107 silly packumentCache full:https://registry.npmjs.org/@img%2fsharp-linux-arm set size:undefined disposed:false
108 silly fetch manifest @img/sharp-win32-x64@0.34.5
109 silly packumentCache full:https://registry.npmjs.org/@img%2fsharp-win32-x64 cache-miss
110 http fetch GET 200 https://registry.npmjs.org/detect-libc 212ms (cache miss)
111 silly packumentCache full:https://registry.npmjs.org/detect-libc set size:undefined disposed:false
112 silly fetch manifest @img/sharp-darwin-x64@0.34.5
113 silly packumentCache full:https://registry.npmjs.org/@img%2fsharp-darwin-x64 cache-miss
114 http fetch GET 200 https://registry.npmjs.org/@img%2fsharp-linux-x64 144ms (cache miss)
115 silly packumentCache full:https://registry.npmjs.org/@img%2fsharp-linux-x64 set size:undefined disposed:false
116 silly fetch manifest @img/sharp-win32-ia32@0.34.5
117 silly packumentCache full:https://registry.npmjs.org/@img%2fsharp-win32-ia32 cache-miss
118 http fetch GET 200 https://registry.npmjs.org/semver 263ms (cache miss)
119 silly packumentCache full:https://registry.npmjs.org/semver set size:undefined disposed:false
120 silly fetch manifest @img/sharp-linux-arm64@0.34.5
121 silly packumentCache full:https://registry.npmjs.org/@img%2fsharp-linux-arm64 cache-miss
122 http fetch GET 200 https://registry.npmjs.org/@img%2fcolour 266ms (cache miss)
123 silly packumentCache full:https://registry.npmjs.org/@img%2fcolour set size:undefined disposed:false
124 silly fetch manifest @img/sharp-linux-ppc64@0.34.5
125 silly packumentCache full:https://registry.npmjs.org/@img%2fsharp-linux-ppc64 cache-miss
126 http fetch GET 200 https://registry.npmjs.org/@img%2fsharp-win32-x64 72ms (cache miss)
127 silly packumentCache full:https://registry.npmjs.org/@img%2fsharp-win32-x64 set size:undefined disposed:false
128 silly fetch manifest @img/sharp-linux-s390x@0.34.5
129 silly packumentCache full:https://registry.npmjs.org/@img%2fsharp-linux-s390x cache-miss
130 http fetch GET 200 https://registry.npmjs.org/@supabase%2fpostgrest-js 313ms (cache miss)
131 silly packumentCache full:https://registry.npmjs.org/@supabase%2fpostgrest-js set size:undefined disposed:false
132 silly fetch manifest @img/sharp-win32-arm64@0.34.5
133 silly packumentCache full:https://registry.npmjs.org/@img%2fsharp-win32-arm64 cache-miss
134 http fetch GET 200 https://registry.npmjs.org/@supabase%2frealtime-js 319ms (cache miss)
135 silly packumentCache full:https://registry.npmjs.org/@supabase%2frealtime-js set size:undefined disposed:false
136 silly fetch manifest @img/sharp-darwin-arm64@0.34.5
137 silly packumentCache full:https://registry.npmjs.org/@img%2fsharp-darwin-arm64 cache-miss
138 http fetch GET 200 https://registry.npmjs.org/@supabase%2fstorage-js 324ms (cache miss)
139 silly packumentCache full:https://registry.npmjs.org/@supabase%2fstorage-js set size:undefined disposed:false
140 silly fetch manifest @img/sharp-linux-riscv64@0.34.5
141 silly packumentCache full:https://registry.npmjs.org/@img%2fsharp-linux-riscv64 cache-miss
142 http fetch GET 200 https://registry.npmjs.org/@img%2fsharp-darwin-x64 117ms (cache miss)
143 silly packumentCache full:https://registry.npmjs.org/@img%2fsharp-darwin-x64 set size:undefined disposed:false
144 silly fetch manifest @img/sharp-linuxmusl-x64@0.34.5
145 silly packumentCache full:https://registry.npmjs.org/@img%2fsharp-linuxmusl-x64 cache-miss
146 http fetch GET 200 https://registry.npmjs.org/@img%2fsharp-linux-arm64 77ms (cache miss)
147 silly packumentCache full:https://registry.npmjs.org/@img%2fsharp-linux-arm64 set size:undefined disposed:false
148 silly fetch manifest @img/sharp-linuxmusl-arm64@0.34.5
149 silly packumentCache full:https://registry.npmjs.org/@img%2fsharp-linuxmusl-arm64 cache-miss
150 http fetch GET 200 https://registry.npmjs.org/@img%2fsharp-linux-ppc64 86ms (cache miss)
151 silly packumentCache full:https://registry.npmjs.org/@img%2fsharp-linux-ppc64 set size:undefined disposed:false
152 silly fetch manifest @img/sharp-libvips-linux-arm@1.2.4
153 silly packumentCache full:https://registry.npmjs.org/@img%2fsharp-libvips-linux-arm cache-miss
154 http fetch GET 200 https://registry.npmjs.org/@img%2fsharp-linux-s390x 87ms (cache miss)
155 silly packumentCache full:https://registry.npmjs.org/@img%2fsharp-linux-s390x set size:undefined disposed:false
156 silly fetch manifest @img/sharp-libvips-linux-x64@1.2.4
157 silly packumentCache full:https://registry.npmjs.org/@img%2fsharp-libvips-linux-x64 cache-miss
158 http fetch GET 200 https://registry.npmjs.org/@img%2fsharp-win32-ia32 102ms (cache miss)
159 silly packumentCache full:https://registry.npmjs.org/@img%2fsharp-win32-ia32 set size:undefined disposed:false
160 silly fetch manifest @img/sharp-libvips-darwin-x64@1.2.4
161 silly packumentCache full:https://registry.npmjs.org/@img%2fsharp-libvips-darwin-x64 cache-miss
162 http fetch GET 200 https://registry.npmjs.org/@img%2fsharp-wasm32 393ms (cache miss)
163 silly packumentCache full:https://registry.npmjs.org/@img%2fsharp-wasm32 set size:undefined disposed:false
164 silly fetch manifest @img/sharp-libvips-linux-arm64@1.2.4
165 silly packumentCache full:https://registry.npmjs.org/@img%2fsharp-libvips-linux-arm64 cache-miss
166 http fetch GET 200 https://registry.npmjs.org/@img%2fsharp-linuxmusl-x64 72ms (cache miss)
167 silly packumentCache full:https://registry.npmjs.org/@img%2fsharp-linuxmusl-x64 set size:undefined disposed:false
168 silly fetch manifest @img/sharp-libvips-linux-ppc64@1.2.4
169 silly packumentCache full:https://registry.npmjs.org/@img%2fsharp-libvips-linux-ppc64 cache-miss
170 http fetch GET 200 https://registry.npmjs.org/@img%2fsharp-darwin-arm64 82ms (cache miss)
171 silly packumentCache full:https://registry.npmjs.org/@img%2fsharp-darwin-arm64 set size:undefined disposed:false
172 silly fetch manifest @img/sharp-libvips-linux-s390x@1.2.4
173 silly packumentCache full:https://registry.npmjs.org/@img%2fsharp-libvips-linux-s390x cache-miss
174 http fetch GET 200 https://registry.npmjs.org/@img%2fsharp-win32-arm64 90ms (cache miss)
175 silly packumentCache full:https://registry.npmjs.org/@img%2fsharp-win32-arm64 set size:undefined disposed:false
176 silly fetch manifest @img/sharp-libvips-darwin-arm64@1.2.4
177 silly packumentCache full:https://registry.npmjs.org/@img%2fsharp-libvips-darwin-arm64 cache-miss
178 http fetch GET 200 https://registry.npmjs.org/@img%2fsharp-libvips-linux-arm 91ms (cache miss)
179 silly packumentCache full:https://registry.npmjs.org/@img%2fsharp-libvips-linux-arm set size:undefined disposed:false
180 silly fetch manifest @img/sharp-libvips-linux-riscv64@1.2.4
181 silly packumentCache full:https://registry.npmjs.org/@img%2fsharp-libvips-linux-riscv64 cache-miss
182 http fetch GET 200 https://registry.npmjs.org/@img%2fsharp-libvips-linux-x64 88ms (cache miss)
183 silly packumentCache full:https://registry.npmjs.org/@img%2fsharp-libvips-linux-x64 set size:undefined disposed:false
184 silly fetch manifest @img/sharp-libvips-linuxmusl-x64@1.2.4
185 silly packumentCache full:https://registry.npmjs.org/@img%2fsharp-libvips-linuxmusl-x64 cache-miss
186 http fetch GET 200 https://registry.npmjs.org/@img%2fsharp-libvips-darwin-x64 90ms (cache miss)
187 silly packumentCache full:https://registry.npmjs.org/@img%2fsharp-libvips-darwin-x64 set size:undefined disposed:false
188 silly fetch manifest @img/sharp-libvips-linuxmusl-arm64@1.2.4
189 silly packumentCache full:https://registry.npmjs.org/@img%2fsharp-libvips-linuxmusl-arm64 cache-miss
190 http fetch GET 200 https://registry.npmjs.org/@img%2fsharp-linux-riscv64 136ms (cache miss)
191 silly packumentCache full:https://registry.npmjs.org/@img%2fsharp-linux-riscv64 set size:undefined disposed:false
192 silly fetch manifest fdir@^6.5.0
193 silly packumentCache full:https://registry.npmjs.org/fdir cache-miss
194 http fetch GET 200 https://registry.npmjs.org/@img%2fsharp-libvips-linux-arm64 81ms (cache miss)
195 silly packumentCache full:https://registry.npmjs.org/@img%2fsharp-libvips-linux-arm64 set size:undefined disposed:false
196 silly fetch manifest rollup@^4.43.0
197 silly packumentCache full:https://registry.npmjs.org/rollup cache-miss
198 http fetch GET 200 https://registry.npmjs.org/@img%2fsharp-libvips-darwin-arm64 76ms (cache miss)
199 silly packumentCache full:https://registry.npmjs.org/@img%2fsharp-libvips-darwin-arm64 set size:undefined disposed:false
200 silly fetch manifest esbuild@^0.27.0
201 silly packumentCache full:https://registry.npmjs.org/esbuild cache-miss
202 http fetch GET 200 https://registry.npmjs.org/@img%2fsharp-linuxmusl-arm64 170ms (cache miss)
203 silly packumentCache full:https://registry.npmjs.org/@img%2fsharp-linuxmusl-arm64 set size:undefined disposed:false
204 silly fetch manifest postcss@^8.5.6
205 silly packumentCache full:https://registry.npmjs.org/postcss cache-miss
206 http cache https://registry.npmjs.org/postcss 6ms (cache hit)
207 silly packumentCache full:https://registry.npmjs.org/postcss set size:702266 disposed:false
208 silly fetch manifest picomatch@^4.0.3
209 silly packumentCache full:https://registry.npmjs.org/picomatch cache-miss
210 http fetch GET 200 https://registry.npmjs.org/@img%2fsharp-libvips-linuxmusl-x64 82ms (cache miss)
211 silly packumentCache full:https://registry.npmjs.org/@img%2fsharp-libvips-linuxmusl-x64 set size:undefined disposed:false
212 silly fetch manifest tinyglobby@^0.2.15
213 silly packumentCache full:https://registry.npmjs.org/tinyglobby cache-miss
214 http fetch GET 200 https://registry.npmjs.org/@img%2fsharp-libvips-linux-riscv64 85ms (cache miss)
215 silly packumentCache full:https://registry.npmjs.org/@img%2fsharp-libvips-linux-riscv64 set size:undefined disposed:false
216 silly fetch manifest fsevents@~2.3.3
217 silly packumentCache full:https://registry.npmjs.org/fsevents cache-miss
218 http fetch GET 200 https://registry.npmjs.org/@img%2fsharp-libvips-linuxmusl-arm64 114ms (cache miss)
219 silly packumentCache full:https://registry.npmjs.org/@img%2fsharp-libvips-linuxmusl-arm64 set size:undefined disposed:false
220 http fetch GET 200 https://registry.npmjs.org/fdir 116ms (cache miss)
221 silly packumentCache full:https://registry.npmjs.org/fdir set size:undefined disposed:false
222 http fetch GET 200 https://registry.npmjs.org/tinyglobby 75ms (cache miss)
223 silly packumentCache full:https://registry.npmjs.org/tinyglobby set size:undefined disposed:false
224 http fetch GET 200 https://registry.npmjs.org/picomatch 93ms (cache miss)
225 silly packumentCache full:https://registry.npmjs.org/picomatch set size:undefined disposed:false
226 http fetch GET 200 https://registry.npmjs.org/fsevents 108ms (cache miss)
227 silly packumentCache full:https://registry.npmjs.org/fsevents set size:undefined disposed:false
228 http fetch GET 200 https://registry.npmjs.org/esbuild 187ms (cache miss)
229 silly packumentCache full:https://registry.npmjs.org/esbuild set size:undefined disposed:false
230 http fetch GET 200 https://registry.npmjs.org/@img%2fsharp-libvips-linux-s390x 270ms (cache miss)
231 silly packumentCache full:https://registry.npmjs.org/@img%2fsharp-libvips-linux-s390x set size:undefined disposed:false
232 http fetch GET 200 https://registry.npmjs.org/@img%2fsharp-libvips-linux-ppc64 275ms (cache miss)
233 silly packumentCache full:https://registry.npmjs.org/@img%2fsharp-libvips-linux-ppc64 set size:undefined disposed:false
234 http fetch GET 200 https://registry.npmjs.org/rollup 259ms (cache miss)
235 silly packumentCache full:https://registry.npmjs.org/rollup set size:undefined disposed:false
236 silly placeDep ROOT @supabase/auth-js@2.99.1 OK for: @supabase/supabase-js@2.99.1 want: 2.99.1
237 silly placeDep ROOT @supabase/functions-js@2.99.1 OK for: @supabase/supabase-js@2.99.1 want: 2.99.1
238 silly placeDep ROOT @supabase/postgrest-js@2.99.1 OK for: @supabase/supabase-js@2.99.1 want: 2.99.1
239 silly placeDep ROOT @supabase/realtime-js@2.99.1 OK for: @supabase/supabase-js@2.99.1 want: 2.99.1
240 silly placeDep ROOT @supabase/storage-js@2.99.1 OK for: @supabase/supabase-js@2.99.1 want: 2.99.1
241 silly fetch manifest tslib@2.8.1
242 silly packumentCache full:https://registry.npmjs.org/tslib cache-miss
243 silly fetch manifest tslib@2.8.1
244 silly packumentCache full:https://registry.npmjs.org/tslib cache-miss
245 silly fetch manifest tslib@2.8.1
246 silly packumentCache full:https://registry.npmjs.org/tslib cache-miss
247 silly fetch manifest @types/phoenix@^1.6.6
248 silly packumentCache full:https://registry.npmjs.org/@types%2fphoenix cache-miss
249 silly fetch manifest @types/ws@^8.18.1
250 silly packumentCache full:https://registry.npmjs.org/@types%2fws cache-miss
251 silly fetch manifest tslib@2.8.1
252 silly packumentCache full:https://registry.npmjs.org/tslib cache-miss
253 silly fetch manifest ws@^8.18.2
254 silly packumentCache full:https://registry.npmjs.org/ws cache-miss
255 silly fetch manifest iceberg-js@^0.8.1
256 silly packumentCache full:https://registry.npmjs.org/iceberg-js cache-miss
257 silly fetch manifest tslib@2.8.1
258 silly packumentCache full:https://registry.npmjs.org/tslib cache-miss
259 http fetch GET 200 https://registry.npmjs.org/tslib 64ms (cache miss)
260 silly packumentCache full:https://registry.npmjs.org/tslib set size:undefined disposed:false
261 http fetch GET 200 https://registry.npmjs.org/tslib 80ms (cache miss)
262 silly packumentCache full:https://registry.npmjs.org/tslib set size:undefined disposed:false
263 http fetch GET 200 https://registry.npmjs.org/tslib 82ms (cache miss)
264 silly packumentCache full:https://registry.npmjs.org/tslib set size:undefined disposed:false
265 http fetch GET 200 https://registry.npmjs.org/tslib 85ms (cache miss)
266 silly packumentCache full:https://registry.npmjs.org/tslib set size:undefined disposed:false
267 http fetch GET 200 https://registry.npmjs.org/@types%2fphoenix 89ms (cache miss)
268 silly packumentCache full:https://registry.npmjs.org/@types%2fphoenix set size:undefined disposed:false
269 http fetch GET 200 https://registry.npmjs.org/tslib 95ms (cache miss)
270 silly packumentCache full:https://registry.npmjs.org/tslib set size:undefined disposed:false
271 http fetch GET 200 https://registry.npmjs.org/ws 99ms (cache miss)
272 silly packumentCache full:https://registry.npmjs.org/ws set size:undefined disposed:false
273 http fetch GET 200 https://registry.npmjs.org/@types%2fws 116ms (cache miss)
274 silly packumentCache full:https://registry.npmjs.org/@types%2fws set size:undefined disposed:false
275 http fetch GET 200 https://registry.npmjs.org/iceberg-js 118ms (cache miss)
276 silly packumentCache full:https://registry.npmjs.org/iceberg-js set size:undefined disposed:false
277 silly placeDep ROOT tslib@2.8.1 OK for: @supabase/auth-js@2.99.1 want: 2.8.1
278 silly fetch manifest bufferutil@^4.0.1
279 silly packumentCache full:https://registry.npmjs.org/bufferutil cache-miss
280 http fetch GET 200 https://registry.npmjs.org/bufferutil 78ms (cache miss)
281 silly packumentCache full:https://registry.npmjs.org/bufferutil set size:undefined disposed:false
282 silly fetch manifest utf-8-validate@>=5.0.2
283 silly packumentCache full:https://registry.npmjs.org/utf-8-validate cache-miss
284 http fetch GET 200 https://registry.npmjs.org/utf-8-validate 66ms (cache miss)
285 silly packumentCache full:https://registry.npmjs.org/utf-8-validate set size:undefined disposed:false
286 silly placeDep ROOT @types/phoenix@1.6.7 OK for: @supabase/realtime-js@2.99.1 want: ^1.6.6
287 silly placeDep ROOT @types/ws@8.18.1 OK for: @supabase/realtime-js@2.99.1 want: ^8.18.1
288 silly placeDep ROOT ws@8.19.0 OK for: @supabase/realtime-js@2.99.1 want: ^8.18.2
289 silly fetch manifest @types/node@*
290 silly packumentCache full:https://registry.npmjs.org/@types%2fnode cache-miss
291 http cache https://registry.npmjs.org/@types%2fnode 18ms (cache hit)
292 silly packumentCache full:https://registry.npmjs.org/@types%2fnode set size:10936308 disposed:false
293 silly placeDep ROOT iceberg-js@0.8.1 OK for: @supabase/storage-js@2.99.1 want: ^0.8.1
294 silly placeDep ROOT @types/node@25.4.0 OK for: @types/ws@8.18.1 want: *
295 silly fetch manifest undici-types@~7.18.0
296 silly packumentCache full:https://registry.npmjs.org/undici-types cache-miss
297 http fetch GET 200 https://registry.npmjs.org/undici-types 82ms (cache miss)
298 silly packumentCache full:https://registry.npmjs.org/undici-types set size:undefined disposed:false
299 silly placeDep ROOT undici-types@7.18.2 OK for: @types/node@25.4.0 want: ~7.18.0
300 silly placeDep ROOT @img/colour@1.1.0 OK for: sharp@0.34.5 want: ^1.0.0
301 silly placeDep ROOT @img/sharp-darwin-arm64@0.34.5 OK for: sharp@0.34.5 want: 0.34.5
302 silly placeDep ROOT @img/sharp-darwin-x64@0.34.5 OK for: sharp@0.34.5 want: 0.34.5
303 silly placeDep ROOT @img/sharp-libvips-darwin-arm64@1.2.4 OK for: sharp@0.34.5 want: 1.2.4
304 silly placeDep ROOT @img/sharp-libvips-darwin-x64@1.2.4 OK for: sharp@0.34.5 want: 1.2.4
305 silly placeDep ROOT @img/sharp-libvips-linux-arm@1.2.4 OK for: sharp@0.34.5 want: 1.2.4
306 silly placeDep ROOT @img/sharp-libvips-linux-arm64@1.2.4 OK for: sharp@0.34.5 want: 1.2.4
307 silly placeDep ROOT @img/sharp-libvips-linux-ppc64@1.2.4 OK for: sharp@0.34.5 want: 1.2.4
308 silly placeDep ROOT @img/sharp-libvips-linux-riscv64@1.2.4 OK for: sharp@0.34.5 want: 1.2.4
309 silly placeDep ROOT @img/sharp-libvips-linux-s390x@1.2.4 OK for: sharp@0.34.5 want: 1.2.4
310 silly placeDep ROOT @img/sharp-libvips-linux-x64@1.2.4 OK for: sharp@0.34.5 want: 1.2.4
311 silly placeDep ROOT @img/sharp-libvips-linuxmusl-arm64@1.2.4 OK for: sharp@0.34.5 want: 1.2.4
312 silly placeDep ROOT @img/sharp-libvips-linuxmusl-x64@1.2.4 OK for: sharp@0.34.5 want: 1.2.4
313 silly placeDep ROOT @img/sharp-linux-arm@0.34.5 OK for: sharp@0.34.5 want: 0.34.5
314 silly placeDep ROOT @img/sharp-linux-arm64@0.34.5 OK for: sharp@0.34.5 want: 0.34.5
315 silly placeDep ROOT @img/sharp-linux-ppc64@0.34.5 OK for: sharp@0.34.5 want: 0.34.5
316 silly placeDep ROOT @img/sharp-linux-riscv64@0.34.5 OK for: sharp@0.34.5 want: 0.34.5
317 silly placeDep ROOT @img/sharp-linux-s390x@0.34.5 OK for: sharp@0.34.5 want: 0.34.5
318 silly placeDep ROOT @img/sharp-linux-x64@0.34.5 OK for: sharp@0.34.5 want: 0.34.5
319 silly placeDep ROOT @img/sharp-linuxmusl-arm64@0.34.5 OK for: sharp@0.34.5 want: 0.34.5
320 silly placeDep ROOT @img/sharp-linuxmusl-x64@0.34.5 OK for: sharp@0.34.5 want: 0.34.5
321 silly placeDep ROOT @img/sharp-wasm32@0.34.5 OK for: sharp@0.34.5 want: 0.34.5
322 silly placeDep ROOT @img/sharp-win32-arm64@0.34.5 OK for: sharp@0.34.5 want: 0.34.5
323 silly placeDep ROOT @img/sharp-win32-ia32@0.34.5 OK for: sharp@0.34.5 want: 0.34.5
324 silly placeDep ROOT @img/sharp-win32-x64@0.34.5 OK for: sharp@0.34.5 want: 0.34.5
325 silly placeDep ROOT detect-libc@2.1.2 OK for: sharp@0.34.5 want: ^2.1.2
326 silly placeDep ROOT semver@7.7.4 OK for: sharp@0.34.5 want: ^7.7.3
327 silly fetch manifest @emnapi/runtime@^1.7.0
328 silly packumentCache full:https://registry.npmjs.org/@emnapi%2fruntime cache-miss
329 http fetch GET 200 https://registry.npmjs.org/@emnapi%2fruntime 79ms (cache miss)
330 silly packumentCache full:https://registry.npmjs.org/@emnapi%2fruntime set size:undefined disposed:false
331 silly placeDep ROOT @emnapi/runtime@1.8.1 OK for: @img/sharp-wasm32@0.34.5 want: ^1.7.0
332 silly placeDep ROOT esbuild@0.27.3 OK for: vite@7.3.1 want: ^0.27.0
333 silly placeDep ROOT fdir@6.5.0 OK for: vite@7.3.1 want: ^6.5.0
334 silly placeDep ROOT fsevents@2.3.3 OK for: vite@7.3.1 want: ~2.3.3
335 silly placeDep ROOT picomatch@4.0.3 OK for: vite@7.3.1 want: ^4.0.3
336 silly placeDep ROOT postcss@8.5.8 OK for: vite@7.3.1 want: ^8.5.6
337 silly placeDep ROOT rollup@4.59.0 OK for: vite@7.3.1 want: ^4.43.0
338 silly placeDep ROOT tinyglobby@0.2.15 OK for: vite@7.3.1 want: ^0.2.15
339 silly fetch manifest @esbuild/aix-ppc64@0.27.3
340 silly packumentCache full:https://registry.npmjs.org/@esbuild%2faix-ppc64 cache-miss
341 silly fetch manifest @esbuild/android-arm@0.27.3
342 silly packumentCache full:https://registry.npmjs.org/@esbuild%2fandroid-arm cache-miss
343 silly fetch manifest @esbuild/android-arm64@0.27.3
344 silly packumentCache full:https://registry.npmjs.org/@esbuild%2fandroid-arm64 cache-miss
345 silly fetch manifest @esbuild/android-x64@0.27.3
346 silly packumentCache full:https://registry.npmjs.org/@esbuild%2fandroid-x64 cache-miss
347 silly fetch manifest @esbuild/darwin-arm64@0.27.3
348 silly packumentCache full:https://registry.npmjs.org/@esbuild%2fdarwin-arm64 cache-miss
349 silly fetch manifest @esbuild/darwin-x64@0.27.3
350 silly packumentCache full:https://registry.npmjs.org/@esbuild%2fdarwin-x64 cache-miss
351 silly fetch manifest @esbuild/freebsd-arm64@0.27.3
352 silly packumentCache full:https://registry.npmjs.org/@esbuild%2ffreebsd-arm64 cache-miss
353 silly fetch manifest @esbuild/freebsd-x64@0.27.3
354 silly packumentCache full:https://registry.npmjs.org/@esbuild%2ffreebsd-x64 cache-miss
355 silly fetch manifest @esbuild/linux-arm@0.27.3
356 silly packumentCache full:https://registry.npmjs.org/@esbuild%2flinux-arm cache-miss
357 http fetch GET 200 https://registry.npmjs.org/@esbuild%2faix-ppc64 69ms (cache miss)
358 silly packumentCache full:https://registry.npmjs.org/@esbuild%2faix-ppc64 set size:undefined disposed:false
359 silly fetch manifest @esbuild/linux-arm64@0.27.3
360 silly packumentCache full:https://registry.npmjs.org/@esbuild%2flinux-arm64 cache-miss
361 http fetch GET 200 https://registry.npmjs.org/@esbuild%2fandroid-arm64 85ms (cache miss)
362 silly packumentCache full:https://registry.npmjs.org/@esbuild%2fandroid-arm64 set size:undefined disposed:false
363 silly fetch manifest @esbuild/linux-ia32@0.27.3
364 silly packumentCache full:https://registry.npmjs.org/@esbuild%2flinux-ia32 cache-miss
365 http fetch GET 200 https://registry.npmjs.org/@esbuild%2flinux-arm 119ms (cache miss)
366 silly packumentCache full:https://registry.npmjs.org/@esbuild%2flinux-arm set size:undefined disposed:false
367 silly fetch manifest @esbuild/linux-loong64@0.27.3
368 silly packumentCache full:https://registry.npmjs.org/@esbuild%2flinux-loong64 cache-miss
369 http fetch GET 200 https://registry.npmjs.org/@esbuild%2ffreebsd-x64 132ms (cache miss)
370 silly packumentCache full:https://registry.npmjs.org/@esbuild%2ffreebsd-x64 set size:undefined disposed:false
371 silly fetch manifest @esbuild/linux-mips64el@0.27.3
372 silly packumentCache full:https://registry.npmjs.org/@esbuild%2flinux-mips64el cache-miss
373 http fetch GET 200 https://registry.npmjs.org/@esbuild%2fandroid-arm 134ms (cache miss)
374 silly packumentCache full:https://registry.npmjs.org/@esbuild%2fandroid-arm set size:undefined disposed:false
375 silly fetch manifest @esbuild/linux-ppc64@0.27.3
376 silly packumentCache full:https://registry.npmjs.org/@esbuild%2flinux-ppc64 cache-miss
377 http fetch GET 200 https://registry.npmjs.org/@esbuild%2fdarwin-arm64 137ms (cache miss)
378 silly packumentCache full:https://registry.npmjs.org/@esbuild%2fdarwin-arm64 set size:undefined disposed:false
379 silly fetch manifest @esbuild/linux-riscv64@0.27.3
380 silly packumentCache full:https://registry.npmjs.org/@esbuild%2flinux-riscv64 cache-miss
381 http fetch GET 200 https://registry.npmjs.org/@esbuild%2fandroid-x64 139ms (cache miss)
382 silly packumentCache full:https://registry.npmjs.org/@esbuild%2fandroid-x64 set size:undefined disposed:false
383 silly fetch manifest @esbuild/linux-s390x@0.27.3
384 silly packumentCache full:https://registry.npmjs.org/@esbuild%2flinux-s390x cache-miss
385 http fetch GET 200 https://registry.npmjs.org/@esbuild%2fdarwin-x64 141ms (cache miss)
386 silly packumentCache full:https://registry.npmjs.org/@esbuild%2fdarwin-x64 set size:undefined disposed:false
387 silly fetch manifest @esbuild/linux-x64@0.27.3
388 silly packumentCache full:https://registry.npmjs.org/@esbuild%2flinux-x64 cache-miss
389 http fetch GET 200 https://registry.npmjs.org/@esbuild%2ffreebsd-arm64 142ms (cache miss)
390 silly packumentCache full:https://registry.npmjs.org/@esbuild%2ffreebsd-arm64 set size:undefined disposed:false
391 silly fetch manifest @esbuild/netbsd-arm64@0.27.3
392 silly packumentCache full:https://registry.npmjs.org/@esbuild%2fnetbsd-arm64 cache-miss
393 http fetch GET 200 https://registry.npmjs.org/@esbuild%2flinux-arm64 103ms (cache miss)
394 silly packumentCache full:https://registry.npmjs.org/@esbuild%2flinux-arm64 set size:undefined disposed:false
395 silly fetch manifest @esbuild/netbsd-x64@0.27.3
396 silly packumentCache full:https://registry.npmjs.org/@esbuild%2fnetbsd-x64 cache-miss
397 http fetch GET 200 https://registry.npmjs.org/@esbuild%2flinux-ia32 101ms (cache miss)
398 silly packumentCache full:https://registry.npmjs.org/@esbuild%2flinux-ia32 set size:undefined disposed:false
399 silly fetch manifest @esbuild/openbsd-arm64@0.27.3
400 silly packumentCache full:https://registry.npmjs.org/@esbuild%2fopenbsd-arm64 cache-miss
401 http fetch GET 200 https://registry.npmjs.org/@esbuild%2flinux-mips64el 101ms (cache miss)
402 silly packumentCache full:https://registry.npmjs.org/@esbuild%2flinux-mips64el set size:undefined disposed:false
403 silly fetch manifest @esbuild/openbsd-x64@0.27.3
404 silly packumentCache full:https://registry.npmjs.org/@esbuild%2fopenbsd-x64 cache-miss
405 http fetch GET 200 https://registry.npmjs.org/@esbuild%2flinux-loong64 123ms (cache miss)
406 silly packumentCache full:https://registry.npmjs.org/@esbuild%2flinux-loong64 set size:undefined disposed:false
407 silly fetch manifest @esbuild/openharmony-arm64@0.27.3
408 silly packumentCache full:https://registry.npmjs.org/@esbuild%2fopenharmony-arm64 cache-miss
409 http fetch GET 200 https://registry.npmjs.org/@esbuild%2flinux-ppc64 125ms (cache miss)
410 silly packumentCache full:https://registry.npmjs.org/@esbuild%2flinux-ppc64 set size:undefined disposed:false
411 silly fetch manifest @esbuild/sunos-x64@0.27.3
412 silly packumentCache full:https://registry.npmjs.org/@esbuild%2fsunos-x64 cache-miss
413 http fetch GET 200 https://registry.npmjs.org/@esbuild%2flinux-x64 129ms (cache miss)
414 silly packumentCache full:https://registry.npmjs.org/@esbuild%2flinux-x64 set size:undefined disposed:false
415 silly fetch manifest @esbuild/win32-arm64@0.27.3
416 silly packumentCache full:https://registry.npmjs.org/@esbuild%2fwin32-arm64 cache-miss
417 http fetch GET 200 https://registry.npmjs.org/@esbuild%2fnetbsd-arm64 128ms (cache miss)
418 silly packumentCache full:https://registry.npmjs.org/@esbuild%2fnetbsd-arm64 set size:undefined disposed:false
419 silly fetch manifest @esbuild/win32-ia32@0.27.3
420 silly packumentCache full:https://registry.npmjs.org/@esbuild%2fwin32-ia32 cache-miss
421 http fetch GET 200 https://registry.npmjs.org/@esbuild%2fopenbsd-arm64 84ms (cache miss)
422 silly packumentCache full:https://registry.npmjs.org/@esbuild%2fopenbsd-arm64 set size:undefined disposed:false
423 silly fetch manifest @esbuild/win32-x64@0.27.3
424 silly packumentCache full:https://registry.npmjs.org/@esbuild%2fwin32-x64 cache-miss
425 http fetch GET 200 https://registry.npmjs.org/@esbuild%2flinux-s390x 133ms (cache miss)
426 silly packumentCache full:https://registry.npmjs.org/@esbuild%2flinux-s390x set size:undefined disposed:false
427 silly fetch manifest nanoid@^3.3.11
428 silly packumentCache full:https://registry.npmjs.org/nanoid cache-miss
429 http fetch GET 200 https://registry.npmjs.org/@esbuild%2fopenharmony-arm64 101ms (cache miss)
430 silly packumentCache full:https://registry.npmjs.org/@esbuild%2fopenharmony-arm64 set size:undefined disposed:false
431 silly fetch manifest picocolors@^1.1.1
432 silly packumentCache full:https://registry.npmjs.org/picocolors cache-miss
433 http fetch GET 200 https://registry.npmjs.org/@esbuild%2flinux-riscv64 210ms (cache miss)
434 silly packumentCache full:https://registry.npmjs.org/@esbuild%2flinux-riscv64 set size:undefined disposed:false
435 silly fetch manifest source-map-js@^1.2.1
436 silly packumentCache full:https://registry.npmjs.org/source-map-js cache-miss
437 http fetch GET 200 https://registry.npmjs.org/@esbuild%2fopenbsd-x64 113ms (cache miss)
438 silly packumentCache full:https://registry.npmjs.org/@esbuild%2fopenbsd-x64 set size:undefined disposed:false
439 silly fetch manifest @types/estree@1.0.8
440 silly packumentCache full:https://registry.npmjs.org/@types%2festree cache-miss
441 http fetch GET 200 https://registry.npmjs.org/nanoid 90ms (cache miss)
442 silly packumentCache full:https://registry.npmjs.org/nanoid set size:undefined disposed:false
443 silly fetch manifest @rollup/rollup-darwin-arm64@4.59.0
444 silly packumentCache full:https://registry.npmjs.org/@rollup%2frollup-darwin-arm64 cache-miss
445 http fetch GET 200 https://registry.npmjs.org/@esbuild%2fwin32-arm64 103ms (cache miss)
446 silly packumentCache full:https://registry.npmjs.org/@esbuild%2fwin32-arm64 set size:undefined disposed:false
447 silly fetch manifest @rollup/rollup-android-arm64@4.59.0
448 silly packumentCache full:https://registry.npmjs.org/@rollup%2frollup-android-arm64 cache-miss
449 http fetch GET 200 https://registry.npmjs.org/@esbuild%2fsunos-x64 114ms (cache miss)
450 silly packumentCache full:https://registry.npmjs.org/@esbuild%2fsunos-x64 set size:undefined disposed:false
451 silly fetch manifest @rollup/rollup-win32-arm64-msvc@4.59.0
452 silly packumentCache full:https://registry.npmjs.org/@rollup%2frollup-win32-arm64-msvc cache-miss
453 http fetch GET 200 https://registry.npmjs.org/@esbuild%2fwin32-x64 106ms (cache miss)
454 silly packumentCache full:https://registry.npmjs.org/@esbuild%2fwin32-x64 set size:undefined disposed:false
455 silly fetch manifest @rollup/rollup-freebsd-arm64@4.59.0
456 silly packumentCache full:https://registry.npmjs.org/@rollup%2frollup-freebsd-arm64 cache-miss
457 http fetch GET 200 https://registry.npmjs.org/picocolors 72ms (cache miss)
458 silly packumentCache full:https://registry.npmjs.org/picocolors set size:undefined disposed:false
459 silly fetch manifest @rollup/rollup-linux-arm64-gnu@4.59.0
460 silly packumentCache full:https://registry.npmjs.org/@rollup%2frollup-linux-arm64-gnu cache-miss
461 http fetch GET 200 https://registry.npmjs.org/source-map-js 73ms (cache miss)
462 silly packumentCache full:https://registry.npmjs.org/source-map-js set size:undefined disposed:false
463 silly fetch manifest @rollup/rollup-linux-arm64-musl@4.59.0
464 silly packumentCache full:https://registry.npmjs.org/@rollup%2frollup-linux-arm64-musl cache-miss
465 http fetch GET 200 https://registry.npmjs.org/@rollup%2frollup-android-arm64 110ms (cache miss)
466 silly packumentCache full:https://registry.npmjs.org/@rollup%2frollup-android-arm64 set size:undefined disposed:false
467 silly fetch manifest @rollup/rollup-android-arm-eabi@4.59.0
468 silly packumentCache full:https://registry.npmjs.org/@rollup%2frollup-android-arm-eabi cache-miss
469 http fetch GET 200 https://registry.npmjs.org/@rollup%2frollup-win32-arm64-msvc 119ms (cache miss)
470 silly packumentCache full:https://registry.npmjs.org/@rollup%2frollup-win32-arm64-msvc set size:undefined disposed:false
471 silly fetch manifest @rollup/rollup-linux-arm-gnueabihf@4.59.0
472 silly packumentCache full:https://registry.npmjs.org/@rollup%2frollup-linux-arm-gnueabihf cache-miss
473 http fetch GET 200 https://registry.npmjs.org/@rollup%2frollup-darwin-arm64 132ms (cache miss)
474 silly packumentCache full:https://registry.npmjs.org/@rollup%2frollup-darwin-arm64 set size:undefined disposed:false
475 silly fetch manifest @rollup/rollup-linux-arm-musleabihf@4.59.0
476 silly packumentCache full:https://registry.npmjs.org/@rollup%2frollup-linux-arm-musleabihf cache-miss
477 http fetch GET 200 https://registry.npmjs.org/@rollup%2frollup-freebsd-arm64 122ms (cache miss)
478 silly packumentCache full:https://registry.npmjs.org/@rollup%2frollup-freebsd-arm64 set size:undefined disposed:false
479 silly fetch manifest @rollup/rollup-win32-ia32-msvc@4.59.0
480 silly packumentCache full:https://registry.npmjs.org/@rollup%2frollup-win32-ia32-msvc cache-miss
481 http fetch GET 200 https://registry.npmjs.org/@rollup%2frollup-linux-arm64-gnu 111ms (cache miss)
482 silly packumentCache full:https://registry.npmjs.org/@rollup%2frollup-linux-arm64-gnu set size:undefined disposed:false
483 silly fetch manifest @rollup/rollup-linux-loong64-gnu@4.59.0
484 silly packumentCache full:https://registry.npmjs.org/@rollup%2frollup-linux-loong64-gnu cache-miss
485 http fetch GET 200 https://registry.npmjs.org/@rollup%2frollup-linux-arm64-musl 132ms (cache miss)
486 silly packumentCache full:https://registry.npmjs.org/@rollup%2frollup-linux-arm64-musl set size:undefined disposed:false
487 silly fetch manifest @rollup/rollup-linux-loong64-musl@4.59.0
488 silly packumentCache full:https://registry.npmjs.org/@rollup%2frollup-linux-loong64-musl cache-miss
489 http fetch GET 200 https://registry.npmjs.org/@esbuild%2fwin32-ia32 291ms (cache miss)
490 silly packumentCache full:https://registry.npmjs.org/@esbuild%2fwin32-ia32 set size:undefined disposed:false
491 silly fetch manifest @rollup/rollup-linux-riscv64-gnu@4.59.0
492 silly packumentCache full:https://registry.npmjs.org/@rollup%2frollup-linux-riscv64-gnu cache-miss
493 http fetch GET 200 https://registry.npmjs.org/@rollup%2frollup-linux-arm-musleabihf 104ms (cache miss)
494 silly packumentCache full:https://registry.npmjs.org/@rollup%2frollup-linux-arm-musleabihf set size:undefined disposed:false
495 silly fetch manifest @rollup/rollup-linux-riscv64-musl@4.59.0
496 silly packumentCache full:https://registry.npmjs.org/@rollup%2frollup-linux-riscv64-musl cache-miss
497 http fetch GET 200 https://registry.npmjs.org/@rollup%2frollup-linux-arm-gnueabihf 111ms (cache miss)
498 silly packumentCache full:https://registry.npmjs.org/@rollup%2frollup-linux-arm-gnueabihf set size:undefined disposed:false
499 silly fetch manifest @rollup/rollup-linux-ppc64-gnu@4.59.0
500 silly packumentCache full:https://registry.npmjs.org/@rollup%2frollup-linux-ppc64-gnu cache-miss
501 http fetch GET 200 https://registry.npmjs.org/@rollup%2frollup-win32-ia32-msvc 117ms (cache miss)
502 silly packumentCache full:https://registry.npmjs.org/@rollup%2frollup-win32-ia32-msvc set size:undefined disposed:false
503 silly fetch manifest @rollup/rollup-linux-ppc64-musl@4.59.0
504 silly packumentCache full:https://registry.npmjs.org/@rollup%2frollup-linux-ppc64-musl cache-miss
505 http fetch GET 200 https://registry.npmjs.org/@rollup%2frollup-linux-loong64-musl 66ms (cache miss)
506 silly packumentCache full:https://registry.npmjs.org/@rollup%2frollup-linux-loong64-musl set size:undefined disposed:false
507 silly fetch manifest @rollup/rollup-linux-s390x-gnu@4.59.0
508 silly packumentCache full:https://registry.npmjs.org/@rollup%2frollup-linux-s390x-gnu cache-miss
509 http fetch GET 200 https://registry.npmjs.org/@rollup%2frollup-linux-loong64-gnu 108ms (cache miss)
510 silly packumentCache full:https://registry.npmjs.org/@rollup%2frollup-linux-loong64-gnu set size:undefined disposed:false
511 silly fetch manifest @rollup/rollup-darwin-x64@4.59.0
512 silly packumentCache full:https://registry.npmjs.org/@rollup%2frollup-darwin-x64 cache-miss
513 http fetch GET 200 https://registry.npmjs.org/@rollup%2frollup-linux-riscv64-gnu 93ms (cache miss)
514 silly packumentCache full:https://registry.npmjs.org/@rollup%2frollup-linux-riscv64-gnu set size:undefined disposed:false
515 silly fetch manifest @rollup/rollup-win32-x64-gnu@4.59.0
516 silly packumentCache full:https://registry.npmjs.org/@rollup%2frollup-win32-x64-gnu cache-miss
517 http fetch GET 200 https://registry.npmjs.org/@rollup%2frollup-linux-riscv64-musl 80ms (cache miss)
518 silly packumentCache full:https://registry.npmjs.org/@rollup%2frollup-linux-riscv64-musl set size:undefined disposed:false
519 silly fetch manifest @rollup/rollup-win32-x64-msvc@4.59.0
520 silly packumentCache full:https://registry.npmjs.org/@rollup%2frollup-win32-x64-msvc cache-miss
521 http fetch GET 200 https://registry.npmjs.org/@rollup%2frollup-linux-ppc64-gnu 100ms (cache miss)
522 silly packumentCache full:https://registry.npmjs.org/@rollup%2frollup-linux-ppc64-gnu set size:undefined disposed:false
523 silly fetch manifest @rollup/rollup-freebsd-x64@4.59.0
524 silly packumentCache full:https://registry.npmjs.org/@rollup%2frollup-freebsd-x64 cache-miss
525 http fetch GET 200 https://registry.npmjs.org/@rollup%2frollup-linux-ppc64-musl 93ms (cache miss)
526 silly packumentCache full:https://registry.npmjs.org/@rollup%2frollup-linux-ppc64-musl set size:undefined disposed:false
527 silly fetch manifest @rollup/rollup-linux-x64-gnu@4.59.0
528 silly packumentCache full:https://registry.npmjs.org/@rollup%2frollup-linux-x64-gnu cache-miss
529 http fetch GET 200 https://registry.npmjs.org/@rollup%2frollup-darwin-x64 106ms (cache miss)
530 silly packumentCache full:https://registry.npmjs.org/@rollup%2frollup-darwin-x64 set size:undefined disposed:false
531 silly fetch manifest @rollup/rollup-linux-x64-musl@4.59.0
532 silly packumentCache full:https://registry.npmjs.org/@rollup%2frollup-linux-x64-musl cache-miss
533 http fetch GET 200 https://registry.npmjs.org/@esbuild%2fnetbsd-x64 597ms (cache miss)
534 silly packumentCache full:https://registry.npmjs.org/@esbuild%2fnetbsd-x64 set size:undefined disposed:false
535 silly fetch manifest @rollup/rollup-openbsd-x64@4.59.0
536 silly packumentCache full:https://registry.npmjs.org/@rollup%2frollup-openbsd-x64 cache-miss
537 http fetch GET 200 https://registry.npmjs.org/@rollup%2frollup-win32-x64-gnu 118ms (cache miss)
538 silly packumentCache full:https://registry.npmjs.org/@rollup%2frollup-win32-x64-gnu set size:undefined disposed:false
539 silly fetch manifest @rollup/rollup-openharmony-arm64@4.59.0
540 silly packumentCache full:https://registry.npmjs.org/@rollup%2frollup-openharmony-arm64 cache-miss
541 http fetch GET 200 https://registry.npmjs.org/@rollup%2frollup-android-arm-eabi 292ms (cache miss)
542 silly packumentCache full:https://registry.npmjs.org/@rollup%2frollup-android-arm-eabi set size:undefined disposed:false
543 http fetch GET 200 https://registry.npmjs.org/@rollup%2frollup-freebsd-x64 95ms (cache miss)
544 silly packumentCache full:https://registry.npmjs.org/@rollup%2frollup-freebsd-x64 set size:undefined disposed:false
545 http fetch GET 200 https://registry.npmjs.org/@rollup%2frollup-linux-x64-gnu 121ms (cache miss)
546 silly packumentCache full:https://registry.npmjs.org/@rollup%2frollup-linux-x64-gnu set size:undefined disposed:false
547 http fetch GET 200 https://registry.npmjs.org/@rollup%2frollup-linux-x64-musl 102ms (cache miss)
548 silly packumentCache full:https://registry.npmjs.org/@rollup%2frollup-linux-x64-musl set size:undefined disposed:false
549 http fetch GET 200 https://registry.npmjs.org/@rollup%2frollup-openbsd-x64 91ms (cache miss)
550 silly packumentCache full:https://registry.npmjs.org/@rollup%2frollup-openbsd-x64 set size:undefined disposed:false
551 http fetch GET 200 https://registry.npmjs.org/@rollup%2frollup-openharmony-arm64 115ms (cache miss)
552 silly packumentCache full:https://registry.npmjs.org/@rollup%2frollup-openharmony-arm64 set size:undefined disposed:false
553 http fetch GET 200 https://registry.npmjs.org/@rollup%2frollup-linux-s390x-gnu 292ms (cache miss)
554 silly packumentCache full:https://registry.npmjs.org/@rollup%2frollup-linux-s390x-gnu set size:undefined disposed:false
555 http fetch GET 200 https://registry.npmjs.org/@types%2festree 570ms (cache miss)
556 silly packumentCache full:https://registry.npmjs.org/@types%2festree set size:undefined disposed:false
557 http fetch GET 200 https://registry.npmjs.org/@rollup%2frollup-win32-x64-msvc 249ms (cache miss)
558 silly packumentCache full:https://registry.npmjs.org/@rollup%2frollup-win32-x64-msvc set size:undefined disposed:false
559 silly placeDep ROOT @esbuild/aix-ppc64@0.27.3 OK for: esbuild@0.27.3 want: 0.27.3
560 silly placeDep ROOT @esbuild/android-arm@0.27.3 OK for: esbuild@0.27.3 want: 0.27.3
561 silly placeDep ROOT @esbuild/android-arm64@0.27.3 OK for: esbuild@0.27.3 want: 0.27.3
562 silly placeDep ROOT @esbuild/android-x64@0.27.3 OK for: esbuild@0.27.3 want: 0.27.3
563 silly placeDep ROOT @esbuild/darwin-arm64@0.27.3 OK for: esbuild@0.27.3 want: 0.27.3
564 silly placeDep ROOT @esbuild/darwin-x64@0.27.3 OK for: esbuild@0.27.3 want: 0.27.3
565 silly placeDep ROOT @esbuild/freebsd-arm64@0.27.3 OK for: esbuild@0.27.3 want: 0.27.3
566 silly placeDep ROOT @esbuild/freebsd-x64@0.27.3 OK for: esbuild@0.27.3 want: 0.27.3
567 silly placeDep ROOT @esbuild/linux-arm@0.27.3 OK for: esbuild@0.27.3 want: 0.27.3
568 silly placeDep ROOT @esbuild/linux-arm64@0.27.3 OK for: esbuild@0.27.3 want: 0.27.3
569 silly placeDep ROOT @esbuild/linux-ia32@0.27.3 OK for: esbuild@0.27.3 want: 0.27.3
570 silly placeDep ROOT @esbuild/linux-loong64@0.27.3 OK for: esbuild@0.27.3 want: 0.27.3
571 silly placeDep ROOT @esbuild/linux-mips64el@0.27.3 OK for: esbuild@0.27.3 want: 0.27.3
572 silly placeDep ROOT @esbuild/linux-ppc64@0.27.3 OK for: esbuild@0.27.3 want: 0.27.3
573 silly placeDep ROOT @esbuild/linux-riscv64@0.27.3 OK for: esbuild@0.27.3 want: 0.27.3
574 silly placeDep ROOT @esbuild/linux-s390x@0.27.3 OK for: esbuild@0.27.3 want: 0.27.3
575 silly placeDep ROOT @esbuild/linux-x64@0.27.3 OK for: esbuild@0.27.3 want: 0.27.3
576 silly placeDep ROOT @esbuild/netbsd-arm64@0.27.3 OK for: esbuild@0.27.3 want: 0.27.3
577 silly placeDep ROOT @esbuild/netbsd-x64@0.27.3 OK for: esbuild@0.27.3 want: 0.27.3
578 silly placeDep ROOT @esbuild/openbsd-arm64@0.27.3 OK for: esbuild@0.27.3 want: 0.27.3
579 silly placeDep ROOT @esbuild/openbsd-x64@0.27.3 OK for: esbuild@0.27.3 want: 0.27.3
580 silly placeDep ROOT @esbuild/openharmony-arm64@0.27.3 OK for: esbuild@0.27.3 want: 0.27.3
581 silly placeDep ROOT @esbuild/sunos-x64@0.27.3 OK for: esbuild@0.27.3 want: 0.27.3
582 silly placeDep ROOT @esbuild/win32-arm64@0.27.3 OK for: esbuild@0.27.3 want: 0.27.3
583 silly placeDep ROOT @esbuild/win32-ia32@0.27.3 OK for: esbuild@0.27.3 want: 0.27.3
584 silly placeDep ROOT @esbuild/win32-x64@0.27.3 OK for: esbuild@0.27.3 want: 0.27.3
585 silly placeDep ROOT nanoid@3.3.11 OK for: postcss@8.5.8 want: ^3.3.11
586 silly placeDep ROOT picocolors@1.1.1 OK for: postcss@8.5.8 want: ^1.1.1
587 silly placeDep ROOT source-map-js@1.2.1 OK for: postcss@8.5.8 want: ^1.2.1
588 silly placeDep ROOT @rollup/rollup-android-arm-eabi@4.59.0 OK for: rollup@4.59.0 want: 4.59.0
589 silly placeDep ROOT @rollup/rollup-android-arm64@4.59.0 OK for: rollup@4.59.0 want: 4.59.0
590 silly placeDep ROOT @rollup/rollup-darwin-arm64@4.59.0 OK for: rollup@4.59.0 want: 4.59.0
591 silly placeDep ROOT @rollup/rollup-darwin-x64@4.59.0 OK for: rollup@4.59.0 want: 4.59.0
592 silly placeDep ROOT @rollup/rollup-freebsd-arm64@4.59.0 OK for: rollup@4.59.0 want: 4.59.0
593 silly placeDep ROOT @rollup/rollup-freebsd-x64@4.59.0 OK for: rollup@4.59.0 want: 4.59.0
594 silly placeDep ROOT @rollup/rollup-linux-arm-gnueabihf@4.59.0 OK for: rollup@4.59.0 want: 4.59.0
595 silly placeDep ROOT @rollup/rollup-linux-arm-musleabihf@4.59.0 OK for: rollup@4.59.0 want: 4.59.0
596 silly placeDep ROOT @rollup/rollup-linux-arm64-gnu@4.59.0 OK for: rollup@4.59.0 want: 4.59.0
597 silly placeDep ROOT @rollup/rollup-linux-arm64-musl@4.59.0 OK for: rollup@4.59.0 want: 4.59.0
598 silly placeDep ROOT @rollup/rollup-linux-loong64-gnu@4.59.0 OK for: rollup@4.59.0 want: 4.59.0
599 silly placeDep ROOT @rollup/rollup-linux-loong64-musl@4.59.0 OK for: rollup@4.59.0 want: 4.59.0
600 silly placeDep ROOT @rollup/rollup-linux-ppc64-gnu@4.59.0 OK for: rollup@4.59.0 want: 4.59.0
601 silly placeDep ROOT @rollup/rollup-linux-ppc64-musl@4.59.0 OK for: rollup@4.59.0 want: 4.59.0
602 silly placeDep ROOT @rollup/rollup-linux-riscv64-gnu@4.59.0 OK for: rollup@4.59.0 want: 4.59.0
603 silly placeDep ROOT @rollup/rollup-linux-riscv64-musl@4.59.0 OK for: rollup@4.59.0 want: 4.59.0
604 silly placeDep ROOT @rollup/rollup-linux-s390x-gnu@4.59.0 OK for: rollup@4.59.0 want: 4.59.0
605 silly placeDep ROOT @rollup/rollup-linux-x64-gnu@4.59.0 OK for: rollup@4.59.0 want: 4.59.0
606 silly placeDep ROOT @rollup/rollup-linux-x64-musl@4.59.0 OK for: rollup@4.59.0 want: 4.59.0
607 silly placeDep ROOT @rollup/rollup-openbsd-x64@4.59.0 OK for: rollup@4.59.0 want: 4.59.0
608 silly placeDep ROOT @rollup/rollup-openharmony-arm64@4.59.0 OK for: rollup@4.59.0 want: 4.59.0
609 silly placeDep ROOT @rollup/rollup-win32-arm64-msvc@4.59.0 OK for: rollup@4.59.0 want: 4.59.0
610 silly placeDep ROOT @rollup/rollup-win32-ia32-msvc@4.59.0 OK for: rollup@4.59.0 want: 4.59.0
611 silly placeDep ROOT @rollup/rollup-win32-x64-gnu@4.59.0 OK for: rollup@4.59.0 want: 4.59.0
612 silly placeDep ROOT @rollup/rollup-win32-x64-msvc@4.59.0 OK for: rollup@4.59.0 want: 4.59.0
613 silly placeDep ROOT @types/estree@1.0.8 OK for: rollup@4.59.0 want: 1.0.8
614 silly reify moves {}
615 verbose stack Error: EPERM: operation not permitted, mkdir '/Users/sulo/Downloads/solen/node_modules/@supabase/supabase-js'
615 verbose stack     at async mkdir (node:internal/fs/promises:856:10)
615 verbose stack     at async /usr/local/lib/node_modules/npm/node_modules/@npmcli/arborist/lib/arborist/reify.js:572:20
615 verbose stack     at async Promise.allSettled (index 0)
615 verbose stack     at async #reifyPackages (/usr/local/lib/node_modules/npm/node_modules/@npmcli/arborist/lib/arborist/reify.js:309:11)
615 verbose stack     at async Arborist.reify (/usr/local/lib/node_modules/npm/node_modules/@npmcli/arborist/lib/arborist/reify.js:121:5)
615 verbose stack     at async Install.exec (/usr/local/lib/node_modules/npm/lib/commands/install.js:151:5)
615 verbose stack     at async Npm.exec (/usr/local/lib/node_modules/npm/lib/npm.js:208:9)
615 verbose stack     at async module.exports (/usr/local/lib/node_modules/npm/lib/cli/entry.js:67:5)
616 error code EPERM
617 error syscall mkdir
618 error path /Users/sulo/Downloads/solen/node_modules/@supabase/supabase-js
619 error errno -1
620 error Error: EPERM: operation not permitted, mkdir '/Users/sulo/Downloads/solen/node_modules/@supabase/supabase-js'
620 error     at async mkdir (node:internal/fs/promises:856:10)
620 error     at async /usr/local/lib/node_modules/npm/node_modules/@npmcli/arborist/lib/arborist/reify.js:572:20
620 error     at async Promise.allSettled (index 0)
620 error     at async #reifyPackages (/usr/local/lib/node_modules/npm/node_modules/@npmcli/arborist/lib/arborist/reify.js:309:11)
620 error     at async Arborist.reify (/usr/local/lib/node_modules/npm/node_modules/@npmcli/arborist/lib/arborist/reify.js:121:5)
620 error     at async Install.exec (/usr/local/lib/node_modules/npm/lib/commands/install.js:151:5)
620 error     at async Npm.exec (/usr/local/lib/node_modules/npm/lib/npm.js:208:9)
620 error     at async module.exports (/usr/local/lib/node_modules/npm/lib/cli/entry.js:67:5) {
620 error   errno: -1,
620 error   code: 'EPERM',
620 error   syscall: 'mkdir',
620 error   path: '/Users/sulo/Downloads/solen/node_modules/@supabase/supabase-js'
620 error }
621 error
621 error The operation was rejected by your operating system.
621 error It is likely you do not have the permissions to access this file as the current user
621 error
621 error If you believe this might be a permissions issue, please double-check the
621 error permissions of the file and its containing directories, or try running
621 error the command again as root/Administrator.
622 silly unfinished npm timer reify 1773262241564
623 silly unfinished npm timer reify:createSparse 1773262247354
624 verbose cwd /Users/sulo/Downloads/solen
625 verbose os Darwin 25.1.0
626 verbose node v24.14.0
627 verbose npm  v11.9.0
628 notice
628 notice New [33mminor[39m version of npm available! [33m11.9.0[39m -> [34m11.11.1[39m
628 notice Changelog: [34mhttps://github.com/npm/cli/releases/tag/v11.11.1[39m
628 notice To update run: [4mnpm install -g npm@11.11.1[24m
628 notice  { force: true, Symbol(proc-log.meta): true }
629 verbose exit -1
630 verbose code -1
631 error A complete log of this run can be found in: /Users/sulo/Downloads/solen/.npm-local-cache/_logs/2026-03-11T20_50_41_320Z-debug-0.log
